<?xml version="1.0" encoding="UTF-8"?>
<!-- Generated by org.testng.reporters.JUnitReportReporter -->
<testsuite skipped="0" hostname="DESKTOP-JBHN18P" name="Task.Gmail.validLogin" tests="1" failures="0" timestamp="25 Mar 2021 21:44:07 GMT" time="13.346" errors="0">
  <testcase name="UserCanLogin" time="13.346" classname="Task.Gmail.validLogin"/>
</testsuite> <!-- Task.Gmail.validLogin -->
