<?xml version="1.0" encoding="UTF-8"?>
<!-- Generated by org.testng.reporters.JUnitReportReporter -->
<testsuite skipped="0" hostname="DESKTOP-JBHN18P" name="Task.Gmail.validLoginTest" tests="1" failures="0" timestamp="25 Mar 2021 22:42:00 GMT" time="17.475" errors="0">
  <testcase name="UserCanLogin" time="17.475" classname="Task.Gmail.validLoginTest"/>
</testsuite> <!-- Task.Gmail.validLoginTest -->
