<?xml version="1.0" encoding="UTF-8"?>
<!-- Generated by org.testng.reporters.JUnitReportReporter -->
<testsuite skipped="0" hostname="DESKTOP-JBHN18P" name="tests.Gmail.invalidLoginTest" tests="1" failures="0" timestamp="25 Mar 2021 23:13:49 GMT" time="4.637" errors="0">
  <testcase name="UserCantLogin" time="4.637" classname="tests.Gmail.invalidLoginTest"/>
</testsuite> <!-- tests.Gmail.invalidLoginTest -->
