<?xml version="1.0" encoding="UTF-8"?>
<!-- Generated by org.testng.reporters.JUnitReportReporter -->
<testsuite skipped="0" hostname="DESKTOP-JBHN18P" name="Task.Gmail.invalidLogin" tests="1" failures="0" timestamp="25 Mar 2021 22:31:24 GMT" time="6.551" errors="0">
  <testcase name="UserCantLogin" time="6.551" classname="Task.Gmail.invalidLogin"/>
</testsuite> <!-- Task.Gmail.invalidLogin -->
