<?xml version="1.0" encoding="UTF-8"?>
<!-- Generated by org.testng.reporters.JUnitReportReporter -->
<testsuite skipped="0" hostname="DESKTOP-JBHN18P" name="Task.Gmail.LoginTest" tests="1" failures="0" timestamp="25 Mar 2021 22:40:48 GMT" time="17.672" errors="0">
  <testcase name="UserCanLogin" time="17.672" classname="Task.Gmail.LoginTest"/>
</testsuite> <!-- Task.Gmail.LoginTest -->
