<?xml version="1.0" encoding="UTF-8"?>
<!-- Generated by org.testng.reporters.JUnitReportReporter -->
<testsuite skipped="0" hostname="DESKTOP-JBHN18P" name="Task.Gmail.invalidLoginTest" tests="1" failures="0" timestamp="25 Mar 2021 22:38:05 GMT" time="6.578" errors="0">
  <testcase name="UserCantLogin" time="6.578" classname="Task.Gmail.invalidLoginTest"/>
</testsuite> <!-- Task.Gmail.invalidLoginTest -->
