<?xml version="1.0" encoding="UTF-8"?>
<!-- Generated by org.testng.reporters.JUnitReportReporter -->
<testsuite skipped="0" hostname="DESKTOP-JBHN18P" name="tests.Gmail.validLoginTest" tests="1" failures="0" timestamp="25 Mar 2021 23:14:31 GMT" time="18.030" errors="0">
  <testcase name="UserCanLogin" time="18.030" classname="tests.Gmail.validLoginTest"/>
</testsuite> <!-- tests.Gmail.validLoginTest -->
